<?xml version="1.0" encoding="UTF-8"?>
<!-- Generated by org.testng.reporters.JUnitReportReporter -->
<testsuite skipped="0" hostname="LT106307" name="testCases.CreationPage" tests="1" failures="0" timestamp="14 Apr 2020 13:09:23 GMT" time="63.449" errors="0">
  <testcase name="VerifyCreationForm" time="63.449" classname="testCases.CreationPage"/>
</testsuite> <!-- testCases.CreationPage -->
