<?xml version="1.0" encoding="UTF-8"?>
<!-- Generated by org.testng.reporters.JUnitReportReporter -->
<testsuite skipped="0" hostname="LT106307" name="testCases.HomePage" tests="1" failures="0" timestamp="14 Apr 2020 13:09:23 GMT" time="45.391" errors="0">
  <testcase name="VerifyHomePage" time="45.391" classname="testCases.HomePage"/>
</testsuite> <!-- testCases.HomePage -->
