<?xml version="1.0" encoding="UTF-8"?>
<!-- Generated by org.testng.reporters.JUnitReportReporter -->
<testsuite skipped="0" hostname="LT106307" name="testCases.Loginfunctionality" tests="1" failures="0" timestamp="15 Apr 2020 11:01:56 GMT" time="30.016" errors="0">
  <testcase name="verifyAdminUser" time="30.016" classname="testCases.Loginfunctionality"/>
</testsuite> <!-- testCases.Loginfunctionality -->
