<?xml version="1.0" encoding="UTF-8"?>
<!-- Generated by org.testng.reporters.JUnitReportReporter -->
<testsuite skipped="0" hostname="LT106307" name="com.loginTestcases.VerifyLoginPage" tests="2" failures="0" timestamp="29 Jan 2020 10:29:22 GMT" time="39.118" errors="0">
  <testcase name="loginfunctionality" time="15.528" classname="com.loginTestcases.VerifyLoginPage"/>
  <testcase name="loginfunctionality" time="23.590" classname="com.loginTestcases.VerifyLoginPage"/>
</testsuite> <!-- com.loginTestcases.VerifyLoginPage -->
