<?xml version="1.0" encoding="UTF-8"?>
<!-- Generated by org.testng.reporters.JUnitReportReporter -->
<testsuite skipped="1" hostname="LT106307" name="pages.VerifySettingPage_ATC_CDV_Tab" tests="1" failures="0" timestamp="13 Apr 2020 11:14:30 GMT" time="0.000" errors="0">
  <testcase name="verify_loginfunctionality_with_and" time="0.000" classname="pages.VerifySettingPage_ATC_CDV_Tab">
    <skipped/>
  </testcase> <!-- verify_loginfunctionality_with_and -->
</testsuite> <!-- pages.VerifySettingPage_ATC_CDV_Tab -->
