<?xml version="1.0" encoding="UTF-8"?>
<!-- Generated by org.testng.reporters.JUnitReportReporter -->
<testsuite skipped="0" hostname="LT106307" name="testCases.HomeTest" tests="1" failures="0" timestamp="06 Apr 2020 08:08:47 GMT" time="260.775" errors="0">
  <testcase name="VerifyHomePage" time="260.775" classname="testCases.HomeTest"/>
</testsuite> <!-- testCases.HomeTest -->
