<?xml version="1.0" encoding="UTF-8"?>
<!-- Generated by org.testng.reporters.JUnitReportReporter -->
<testsuite skipped="0" hostname="LT106307" name="testCases.HomePage" tests="1" failures="0" timestamp="07 Apr 2020 12:47:38 GMT" time="23.769" errors="0">
  <testcase name="VerifyHomePage" time="23.769" classname="testCases.HomePage"/>
</testsuite> <!-- testCases.HomePage -->
