<?xml version="1.0" encoding="UTF-8"?>
<!-- Generated by org.testng.reporters.JUnitReportReporter -->
<testsuite skipped="0" hostname="LT106307" name="testCases.VerifyLoginPage" tests="3" failures="0" timestamp="31 Jan 2020 12:37:49 GMT" time="76.158" errors="0">
  <testcase name="verify_loginfunctionality_with_and" time="10.995" classname="testCases.VerifyLoginPage"/>
  <testcase name="verify_loginfunctionality_with_and" time="42.452" classname="testCases.VerifyLoginPage"/>
  <testcase name="verify_loginfunctionality_with_and" time="22.711" classname="testCases.VerifyLoginPage"/>
</testsuite> <!-- testCases.VerifyLoginPage -->
