<?xml version="1.0" encoding="UTF-8"?>
<!-- Generated by org.testng.reporters.JUnitReportReporter -->
<testsuite skipped="0" hostname="LT106307" name="testCases.UsersMenuFunctionlality" tests="1" failures="0" timestamp="16 Apr 2020 12:06:23 GMT" time="32.981" errors="0">
  <testcase name="verifyAdminUser" time="32.981" classname="testCases.UsersMenuFunctionlality"/>
</testsuite> <!-- testCases.UsersMenuFunctionlality -->
