<?xml version="1.0" encoding="UTF-8"?>
<!-- Generated by org.testng.reporters.JUnitReportReporter -->
<testsuite skipped="0" hostname="LT106307" name="Baselibrary.Query" tests="1" failures="0" timestamp="16 Apr 2020 08:05:32 GMT" time="1.941" errors="0">
  <testcase name="setQuery" time="1.941" classname="Baselibrary.Query"/>
</testsuite> <!-- Baselibrary.Query -->
