<?xml version="1.0" encoding="UTF-8"?>
<!-- Generated by org.testng.reporters.JUnitReportReporter -->
<testsuite skipped="0" hostname="LT106307" name="testCases.RankingPage" tests="1" failures="0" timestamp="21 Apr 2020 13:37:55 GMT" time="77.529" errors="0">
  <testcase name="RankingFunctionality" time="77.529" classname="testCases.RankingPage"/>
</testsuite> <!-- testCases.RankingPage -->
