<?xml version="1.0" encoding="UTF-8"?>
<!-- Generated by org.testng.reporters.JUnitReportReporter -->
<testsuite skipped="0" hostname="LT106307" name="testCases.Loginfunctionality" tests="4" failures="0" timestamp="14 Apr 2020 13:09:23 GMT" time="88.819" errors="0">
  <testcase name="verifyAdminUser" time="24.721" classname="testCases.Loginfunctionality"/>
  <testcase name="verifyReaderUser" time="15.482" classname="testCases.Loginfunctionality"/>
  <testcase name="verifyConfiguratorUser" time="45.088" classname="testCases.Loginfunctionality"/>
  <testcase name="verifyInvalidUser" time="3.528" classname="testCases.Loginfunctionality"/>
</testsuite> <!-- testCases.Loginfunctionality -->
