<?xml version="1.0" encoding="UTF-8"?>
<!-- Generated by org.testng.reporters.JUnitReportReporter -->
<testsuite skipped="0" hostname="LT106307" name="testCases.SettingPage" tests="1" failures="0" timestamp="13 Apr 2020 16:39:30 GMT" time="15.543" errors="0">
  <testcase name="VerifySettingPage" time="15.543" classname="testCases.SettingPage"/>
</testsuite> <!-- testCases.SettingPage -->
