<?xml version="1.0" encoding="UTF-8"?>
<!-- Generated by org.testng.reporters.JUnitReportReporter -->
<testsuite skipped="0" hostname="LT106307" name="testCases.SettingPage" tests="5" failures="0" timestamp="15 Apr 2020 11:01:56 GMT" time="164.124" errors="0">
  <testcase name="VerifyagencyTab" time="27.053" classname="testCases.SettingPage"/>
  <testcase name="VerifySellersManagerTab" time="28.263" classname="testCases.SettingPage"/>
  <testcase name="VerifyArticlesTab" time="29.407" classname="testCases.SettingPage"/>
  <testcase name="VerifysupplierProducerTab" time="29.182" classname="testCases.SettingPage"/>
  <testcase name="VerifysupplierApproTab" time="50.219" classname="testCases.SettingPage"/>
</testsuite> <!-- testCases.SettingPage -->
