<?xml version="1.0" encoding="UTF-8"?>
<!-- Generated by org.testng.reporters.JUnitReportReporter -->
<testsuite skipped="0" hostname="LT106307" name="testCases.CreationPage" tests="1" failures="0" timestamp="07 Apr 2020 13:00:04 GMT" time="62.123" errors="0">
  <testcase name="VerifyCreationForm" time="62.123" classname="testCases.CreationPage"/>
</testsuite> <!-- testCases.CreationPage -->
