<?xml version="1.0" encoding="UTF-8"?>
<!-- Generated by org.testng.reporters.JUnitReportReporter -->
<testsuite skipped="0" hostname="LT106307" name="testCases.HomeTest" tests="10" failures="0" timestamp="30 Mar 2020 06:49:36 GMT" time="96.702" errors="0">
  <testcase name="VerifyHomePage" time="49.953" classname="testCases.HomeTest"/>
  <testcase name="Verifytitle" time="0.140" classname="testCases.HomeTest"/>
  <testcase name="VerifyContentPresentOnDrawer" time="0.353" classname="testCases.HomeTest"/>
  <testcase name="VerifyRegionField" time="0.337" classname="testCases.HomeTest"/>
  <testcase name="VerifyToggleButton" time="2.433" classname="testCases.HomeTest"/>
  <testcase name="VerifypaginationDropDown" time="0.251" classname="testCases.HomeTest"/>
  <testcase name="VerifySearchField" time="2.325" classname="testCases.HomeTest"/>
  <testcase name="VerifypaginationArrows" time="0.266" classname="testCases.HomeTest"/>
  <testcase name="VerifyCreationAndDeletion" time="0.301" classname="testCases.HomeTest"/>
  <testcase name="VerifyActionColumn" time="40.343" classname="testCases.HomeTest"/>
</testsuite> <!-- testCases.HomeTest -->
