<?xml version="1.0" encoding="UTF-8"?>
<!-- Generated by org.testng.reporters.JUnitReportReporter -->
<testsuite skipped="0" hostname="LT106307" name="Baselibrary.TestDbConnection" tests="1" failures="0" timestamp="16 Apr 2020 07:50:52 GMT" time="1.884" errors="0">
  <testcase name="selectDBdata" time="1.884" classname="Baselibrary.TestDbConnection"/>
</testsuite> <!-- Baselibrary.TestDbConnection -->
