<?xml version="1.0" encoding="UTF-8"?>
<!-- Generated by org.testng.reporters.JUnitReportReporter -->
<testsuite skipped="0" hostname="LT106307" name="com.openBrowser.OpenBrowser" tests="1" failures="0" timestamp="28 Jan 2020 07:44:15 GMT" time="8.841" errors="0">
  <testcase name="openApllication" time="8.841" classname="com.openBrowser.OpenBrowser"/>
</testsuite> <!-- com.openBrowser.OpenBrowser -->
