<?xml version="1.0" encoding="UTF-8"?>
<!-- Generated by org.testng.reporters.JUnitReportReporter -->
<testsuite skipped="0" hostname="LT106307" name="testCases.Loginfunctionality" tests="1" failures="0" timestamp="16 Apr 2020 13:15:52 GMT" time="15.179" errors="0">
  <testcase name="verifyAdminUser" time="15.179" classname="testCases.Loginfunctionality"/>
</testsuite> <!-- testCases.Loginfunctionality -->
