<?xml version="1.0" encoding="UTF-8"?>
<!-- Generated by org.testng.reporters.JUnitReportReporter -->
<testsuite skipped="0" hostname="LT106307" name="testCases.HomeTest" tests="1" failures="0" timestamp="07 Apr 2020 11:57:52 GMT" time="28.972" errors="0">
  <testcase name="VerifyHomePage" time="28.972" classname="testCases.HomeTest"/>
</testsuite> <!-- testCases.HomeTest -->
