<?xml version="1.0" encoding="UTF-8"?>
<!-- Generated by org.testng.reporters.JUnitReportReporter -->
<testsuite skipped="0" hostname="LT106307" name="testCases.HomePage" tests="1" failures="0" timestamp="16 Apr 2020 13:15:52 GMT" time="41.793" errors="0">
  <testcase name="VerifyHomePage" time="41.793" classname="testCases.HomePage"/>
</testsuite> <!-- testCases.HomePage -->
