<?xml version="1.0" encoding="UTF-8"?>
<!-- Generated by org.testng.reporters.JUnitReportReporter -->
<testsuite skipped="0" hostname="LT106307" name="testCases.UsersMenuFunctionlality" tests="1" failures="0" timestamp="15 Apr 2020 13:37:11 GMT" time="19.895" errors="0">
  <testcase name="verifyAdminUser" time="19.895" classname="testCases.UsersMenuFunctionlality"/>
</testsuite> <!-- testCases.UsersMenuFunctionlality -->
