<?xml version="1.0" encoding="UTF-8"?>
<!-- Generated by org.testng.reporters.JUnitReportReporter -->
<testsuite skipped="0" hostname="LT106307" name="testCases.LoginTest" tests="4" failures="0" timestamp="27 Mar 2020 07:34:17 GMT" time="192.787" errors="0">
  <testcase name="verifyAdminUser" time="47.136" classname="testCases.LoginTest"/>
  <testcase name="verifyReaderUser" time="36.156" classname="testCases.LoginTest"/>
  <testcase name="verifyConfiguratorUser" time="50.939" classname="testCases.LoginTest"/>
  <testcase name="verifyInvalidUser" time="58.556" classname="testCases.LoginTest"/>
</testsuite> <!-- testCases.LoginTest -->
