<?xml version="1.0" encoding="UTF-8"?>
<!-- Generated by org.testng.reporters.JUnitReportReporter -->
<testsuite skipped="0" hostname="LT106307" name="testCases.CreationPage" tests="1" failures="0" timestamp="16 Apr 2020 13:15:52 GMT" time="53.713" errors="0">
  <testcase name="VerifyCreationForm" time="53.713" classname="testCases.CreationPage"/>
</testsuite> <!-- testCases.CreationPage -->
