<?xml version="1.0" encoding="UTF-8"?>
<!-- Generated by org.testng.reporters.JUnitReportReporter -->
<testsuite skipped="0" hostname="LT106307" name="testCases.RankingPage" tests="1" failures="0" timestamp="20 Apr 2020 05:56:17 GMT" time="26.155" errors="0">
  <testcase name="RankingFunctionality" time="26.155" classname="testCases.RankingPage"/>
</testsuite> <!-- testCases.RankingPage -->
