<?xml version="1.0" encoding="UTF-8"?>
<!-- Generated by org.testng.reporters.JUnitReportReporter -->
<testsuite skipped="0" hostname="LT106307" name="testCases.HomePage" tests="1" failures="0" timestamp="15 Apr 2020 11:01:56 GMT" time="45.898" errors="0">
  <testcase name="VerifyHomePage" time="45.898" classname="testCases.HomePage"/>
</testsuite> <!-- testCases.HomePage -->
