<?xml version="1.0" encoding="UTF-8"?>
<!-- Generated by org.testng.reporters.JUnitReportReporter -->
<testsuite skipped="0" hostname="LT106307" name="com.loginTestcases.OpenBrowser" tests="1" failures="0" timestamp="28 Jan 2020 09:46:13 GMT" time="8.827" errors="0">
  <testcase name="openApllication" time="8.827" classname="com.loginTestcases.OpenBrowser"/>
</testsuite> <!-- com.loginTestcases.OpenBrowser -->
