<?xml version="1.0" encoding="UTF-8"?>
<!-- Generated by org.testng.reporters.JUnitReportReporter -->
<testsuite skipped="0" hostname="LT106307" name="testCases.CreationTest" tests="1" failures="0" timestamp="07 Apr 2020 12:08:35 GMT" time="69.790" errors="0">
  <testcase name="VerifyCreationForm" time="69.790" classname="testCases.CreationTest"/>
</testsuite> <!-- testCases.CreationTest -->
