<?xml version="1.0" encoding="UTF-8"?>
<!-- Generated by org.testng.reporters.JUnitReportReporter -->
<testsuite skipped="0" hostname="LT106307" name="com.Testcases.VerifyLoginPage" tests="2" failures="0" timestamp="29 Jan 2020 13:51:55 GMT" time="30.772" errors="0">
  <testcase name="verify_loginfunctionality_with_and" time="22.889" classname="com.Testcases.VerifyLoginPage"/>
  <testcase name="verify_loginfunctionality_with_and" time="7.883" classname="com.Testcases.VerifyLoginPage"/>
</testsuite> <!-- com.Testcases.VerifyLoginPage -->
