<?xml version="1.0" encoding="UTF-8"?>
<!-- Generated by org.testng.reporters.JUnitReportReporter -->
<testsuite skipped="0" hostname="LT106307" name="testCases.LoginTest" tests="4" failures="0" timestamp="06 Apr 2020 07:40:47 GMT" time="96.161" errors="0">
  <testcase name="verifyAdminUser" time="41.411" classname="testCases.LoginTest"/>
  <testcase name="verifyReaderUser" time="16.910" classname="testCases.LoginTest"/>
  <testcase name="verifyConfiguratorUser" time="33.979" classname="testCases.LoginTest"/>
  <testcase name="verifyInvalidUser" time="3.861" classname="testCases.LoginTest"/>
</testsuite> <!-- testCases.LoginTest -->
